TMS320C55x Assembler PC v4.4.1 Wed Sep 13 16:33:43 2017

Tools Copyright (c) 1996-2012 Texas Instruments Incorporated
C:\Users\a0221074\AppData\Local\Temp\0486410                         PAGE    1

    1012              ; Temporary Registers Used: None
       1              ;*******************************************************************************
       2              ;* TMS320C55x C/C++ Codegen                                          PC v4.4.1 *
       3              ;* Date/Time created: Wed Sep 13 16:33:43 2017                                 *
       4              ;*******************************************************************************
       5                      .compiler_opts --hll_source=on --mem_model:code=flat --mem_model:data=huge --object_format=coff --sil
       6                      .mmregs
       7                      .cpl_on
       8                      .arms_on
       9                      .c54cm_off
      10                      .asg AR6, FP
      11                      .asg XAR6, XFP
      12                      .asg DPH, MDP
      13                      .model call=c55_std
      14                      .model mem=huge
      15                      .noremark 5002  ; code respects overwrite rules
      16              ;*******************************************************************************
      17              ;* GLOBAL FILE PARAMETERS                                                      *
      18              ;*                                                                             *
      19              ;*   Architecture       : TMS320C55x                                           *
      20              ;*   Optimizing for     : Speed                                                *
      21              ;*   Memory             : Huge Model (23-Bit Data Pointers)                    *
      22              ;*   Calls              : Normal Library ASM calls                             *
      23              ;*   Debug Info         : Standard TI Debug Information                        *
      24              ;*******************************************************************************
      25              
      26              $C$DW$CU        .dwtag  DW_TAG_compile_unit
      27                      .dwattr $C$DW$CU, DW_AT_name("C:/Users/a0221074/Desktop/C5000/IBM_Watson_TIdesign_workarea/CSL_bitbuc
      28                      .dwattr $C$DW$CU, DW_AT_producer("TMS320C55x C/C++ Codegen PC v4.4.1 Copyright (c) 1996-2012 Texas In
      29                      .dwattr $C$DW$CU, DW_AT_TI_version(0x01)
      30                      .dwattr $C$DW$CU, DW_AT_comp_dir("C:\Users\a0221074\Desktop\C5000\IBM_Watson_TIdesign_workarea\CSL_bi
      31              ;       C:\ti\ccsv7\tools\compiler\c5500_4.4.1\bin\acp55.exe -@C:\\Users\\a0221074\\AppData\\Local\\Temp\\048
      32 000000               .sect   ".text:_nbr_coding"
      33                      .clink
      34                      .global _nbr_coding
      35              
      36              $C$DW$1 .dwtag  DW_TAG_subprogram, DW_AT_name("nbr_coding")
      37                      .dwattr $C$DW$1, DW_AT_low_pc(_nbr_coding)
      38                      .dwattr $C$DW$1, DW_AT_high_pc(0x00)
      39                      .dwattr $C$DW$1, DW_AT_TI_symbol_name("_nbr_coding")
      40                      .dwattr $C$DW$1, DW_AT_external
      41                      .dwattr $C$DW$1, DW_AT_type(*$C$DW$T$8)
      42                      .dwattr $C$DW$1, DW_AT_TI_begin_file("C:/Users/a0221074/Desktop/C5000/IBM_Watson_TIdesign_workarea/CS
      43                      .dwattr $C$DW$1, DW_AT_TI_begin_line(0x4e)
      44                      .dwattr $C$DW$1, DW_AT_TI_begin_column(0x1e)
      45                      .dwattr $C$DW$1, DW_AT_TI_max_frame_size(0x08)
      46                      .dwpsn  file "C:/Users/a0221074/Desktop/C5000/IBM_Watson_TIdesign_workarea/CSL_bitbucket/c55_csl/c55x
      47              
      48                      .dwfde $C$DW$CIE, _nbr_coding
      49              $C$DW$2 .dwtag  DW_TAG_formal_parameter, DW_AT_name("o_mu")
      50                      .dwattr $C$DW$2, DW_AT_TI_symbol_name("_o_mu")
      51                      .dwattr $C$DW$2, DW_AT_type(*$C$DW$T$8)
      52                      .dwattr $C$DW$2, DW_AT_location[DW_OP_reg12]
      53              $C$DW$3 .dwtag  DW_TAG_formal_parameter, DW_AT_name("max_mu")
      54                      .dwattr $C$DW$3, DW_AT_TI_symbol_name("_max_mu")
TMS320C55x Assembler PC v4.4.1 Wed Sep 13 16:33:43 2017

Tools Copyright (c) 1996-2012 Texas Instruments Incorporated
C:\Users\a0221074\AppData\Local\Temp\0486410                         PAGE    2

      55                      .dwattr $C$DW$3, DW_AT_type(*$C$DW$T$8)
      56                      .dwattr $C$DW$3, DW_AT_location[DW_OP_reg13]
      57              $C$DW$4 .dwtag  DW_TAG_formal_parameter, DW_AT_name("prt")
      58                      .dwattr $C$DW$4, DW_AT_TI_symbol_name("_prt")
      59                      .dwattr $C$DW$4, DW_AT_type(*$C$DW$T$10)
      60                      .dwattr $C$DW$4, DW_AT_location[DW_OP_reg16]
      61              ;*******************************************************************************
      62              ;* FUNCTION NAME: nbr_coding                                                   *
      63              ;*                                                                             *
      64              ;*   Function Uses Regs : AC0,T0,T1,AR0,AR1,AR2,SP,CARRY,TC1,M40,SATA,SATD,RDM,*
      65              ;*                        FRCT,SMUL                                            *
      66              ;*   Stack Frame        : Compact (No Frame Pointer, w/ debug)                 *
      67              ;*   Total Frame Size   : 8 words                                              *
      68              ;*                        (1 return address/alignment)                         *
      69              ;*                        (7 local values)                                     *
      70              ;*   Min System Stack   : 1 word                                               *
      71              ;*******************************************************************************
      72 000000       _nbr_coding:
      73                      .dwcfi  cfa_offset, 1
      74                      .dwcfi  save_reg_to_mem, 91, -1
      75 000000 4EF9          AADD #-7, SP
      76                      .dwcfi  cfa_offset, 8
      77              $C$DW$5 .dwtag  DW_TAG_variable, DW_AT_name("o_mu")
      78                      .dwattr $C$DW$5, DW_AT_TI_symbol_name("_o_mu")
      79                      .dwattr $C$DW$5, DW_AT_type(*$C$DW$T$8)
      80                      .dwattr $C$DW$5, DW_AT_location[DW_OP_bregx 0x24 0]
      81              $C$DW$6 .dwtag  DW_TAG_variable, DW_AT_name("max_mu")
      82                      .dwattr $C$DW$6, DW_AT_TI_symbol_name("_max_mu")
      83                      .dwattr $C$DW$6, DW_AT_type(*$C$DW$T$8)
      84                      .dwattr $C$DW$6, DW_AT_location[DW_OP_bregx 0x24 1]
      85              $C$DW$7 .dwtag  DW_TAG_variable, DW_AT_name("prt")
      86                      .dwattr $C$DW$7, DW_AT_TI_symbol_name("_prt")
      87                      .dwattr $C$DW$7, DW_AT_type(*$C$DW$T$10)
      88                      .dwattr $C$DW$7, DW_AT_location[DW_OP_bregx 0x24 2]
      89              $C$DW$8 .dwtag  DW_TAG_variable, DW_AT_name("a_mu")
      90                      .dwattr $C$DW$8, DW_AT_TI_symbol_name("_a_mu")
      91                      .dwattr $C$DW$8, DW_AT_type(*$C$DW$T$8)
      92                      .dwattr $C$DW$8, DW_AT_location[DW_OP_bregx 0x24 3]
      93              $C$DW$9 .dwtag  DW_TAG_variable, DW_AT_name("sign")
      94                      .dwattr $C$DW$9, DW_AT_TI_symbol_name("_sign")
      95                      .dwattr $C$DW$9, DW_AT_type(*$C$DW$T$8)
      96                      .dwattr $C$DW$9, DW_AT_location[DW_OP_bregx 0x24 4]
      97              $C$DW$10        .dwtag  DW_TAG_variable, DW_AT_name("tmp")
      98                      .dwattr $C$DW$10, DW_AT_TI_symbol_name("_tmp")
      99                      .dwattr $C$DW$10, DW_AT_type(*$C$DW$T$10)
     100                      .dwattr $C$DW$10, DW_AT_location[DW_OP_bregx 0x24 5]
     101              $C$DW$11        .dwtag  DW_TAG_variable, DW_AT_name("clipped")
     102                      .dwattr $C$DW$11, DW_AT_TI_symbol_name("_clipped")
     103                      .dwattr $C$DW$11, DW_AT_type(*$C$DW$T$8)
     104                      .dwattr $C$DW$11, DW_AT_location[DW_OP_bregx 0x24 6]
     105 000002 C804          MOV AR0, *SP(#2) ; |79| 
     106 000004 C502          MOV T1, *SP(#1) ; |79| 
     107 000006 C400          MOV T0, *SP(#0) ; |79| 
     108                      .dwpsn  file "C:/Users/a0221074/Desktop/C5000/IBM_Watson_TIdesign_workarea/CSL_bitbucket/c55_csl/c55x
     109 000008 2249          MOV T0, AR1
TMS320C55x Assembler PC v4.4.1 Wed Sep 13 16:33:43 2017

Tools Copyright (c) 1996-2012 Texas Instruments Incorporated
C:\Users\a0221074\AppData\Local\Temp\0486410                         PAGE    3

     110 00000a C906          MOV AR1, *SP(#3) ; |80| 
     111                      .dwpsn  file "C:/Users/a0221074/Desktop/C5000/IBM_Watson_TIdesign_workarea/CSL_bitbucket/c55_csl/c55x
     112 00000c E608          MOV #0, *SP(#4) ; |80| 
         00000e 00   
     113                      .dwpsn  file "C:/Users/a0221074/Desktop/C5000/IBM_Watson_TIdesign_workarea/CSL_bitbucket/c55_csl/c55x
     114 00000f E60C          MOV #0, *SP(#6) ; |82| 
         000011 00   
     115                      .dwpsn  file "C:/Users/a0221074/Desktop/C5000/IBM_Watson_TIdesign_workarea/CSL_bitbucket/c55_csl/c55x
     116 000012 A906          MOV *SP(#3), AR1 ; |84| 
     117 000014 63D9          BCC $C$L1,AR1 >= #0 ; |84| 
     118                                                      ; branchcc occurs ; |84| 
     119                      .dwpsn  file "C:/Users/a0221074/Desktop/C5000/IBM_Watson_TIdesign_workarea/CSL_bitbucket/c55_csl/c55x
     120 000016 3499          NEG AR1, AR1 ; |85| 
     121 000018 C906          MOV AR1, *SP(#3) ; |85| 
     122                      .dwpsn  file "C:/Users/a0221074/Desktop/C5000/IBM_Watson_TIdesign_workarea/CSL_bitbucket/c55_csl/c55x
     123 00001a E608          MOV #1, *SP(#4) ; |86| 
         00001c 01   
     124 00001d       $C$L1:    
     125                      .dwpsn  file "C:/Users/a0221074/Desktop/C5000/IBM_Watson_TIdesign_workarea/CSL_bitbucket/c55_csl/c55x
     126 00001d A502          MOV *SP(#1), T1 ; |88| 
     127 00001f A006          MOV *SP(#3), AC0 ; |88| 
     128 000021 5C05          SFTS AC0, T1, AC0 ; |88| 
     129 000023 C00A          MOV AC0, *SP(#5) ; |88| 
     130                      .dwpsn  file "C:/Users/a0221074/Desktop/C5000/IBM_Watson_TIdesign_workarea/CSL_bitbucket/c55_csl/c55x
     131              
     132 000029 2309          MOV AC0, AR1 ; |89| 
     133 000025 767F  ||      MOV #32767, AR2 ; |89| 
         000027 FFA8 
     134              
     135 00002b 12A8          CMP AR1 <= AR2, TC1 ; |89| 
         00002d 90   
     136 00002e 64E4          BCC $C$L2,TC1 ; |89| 
     137                                                      ; branchcc occurs ; |89| 
     138                      .dwpsn  file "C:/Users/a0221074/Desktop/C5000/IBM_Watson_TIdesign_workarea/CSL_bitbucket/c55_csl/c55x
     139 000030 FB06          MOV #32767, *SP(#3) ; |90| 
         000032 7FFF 
     140                      .dwpsn  file "C:/Users/a0221074/Desktop/C5000/IBM_Watson_TIdesign_workarea/CSL_bitbucket/c55_csl/c55x
     141 000034 E60C          MOV #1, *SP(#6) ; |91| 
         000036 01   
     142                      .dwpsn  file "C:/Users/a0221074/Desktop/C5000/IBM_Watson_TIdesign_workarea/CSL_bitbucket/c55_csl/c55x
     143 000037 4A02          B $C$L3   ; |92| 
     144                                                      ; branch occurs ; |92| 
     145 000039       $C$L2:    
     146                      .dwpsn  file "C:/Users/a0221074/Desktop/C5000/IBM_Watson_TIdesign_workarea/CSL_bitbucket/c55_csl/c55x
     147 000039 C906          MOV AR1, *SP(#3) ; |93| 
     148 00003b       $C$L3:    
     149                      .dwpsn  file "C:/Users/a0221074/Desktop/C5000/IBM_Watson_TIdesign_workarea/CSL_bitbucket/c55_csl/c55x
     150 00003b 767F          MOV #32512, AR2 ; |94| 
         00003d 00A8 
     151 00003f A906          MOV *SP(#3), AR1 ; |94| 
     152 000041 1298          CMP AR1 >= AR2, TC1 ; |94| 
         000043 A0   
     153 000044 6264          BCC $C$L4,TC1 ; |94| 
     154                                                      ; branchcc occurs ; |94| 
     155                      .dwpsn  file "C:/Users/a0221074/Desktop/C5000/IBM_Watson_TIdesign_workarea/CSL_bitbucket/c55_csl/c55x
TMS320C55x Assembler PC v4.4.1 Wed Sep 13 16:33:43 2017

Tools Copyright (c) 1996-2012 Texas Instruments Incorporated
C:\Users\a0221074\AppData\Local\Temp\0486410                         PAGE    4

     156 000046 F706          ADD #128, *SP(#3) ; |94| 
         000048 0080 
     157 00004a       $C$L4:    
     158                      .dwpsn  file "C:/Users/a0221074/Desktop/C5000/IBM_Watson_TIdesign_workarea/CSL_bitbucket/c55_csl/c55x
     159 00004a F406          AND #0xff00, *SP(#3) ; |98| 
         00004c FF00 
     160                      .dwpsn  file "C:/Users/a0221074/Desktop/C5000/IBM_Watson_TIdesign_workarea/CSL_bitbucket/c55_csl/c55x
     161 00004e A908          MOV *SP(#4), AR1 ; |117| 
     162 000050 6309          BCC $C$L5,AR1 == #0 ; |117| 
     163                                                      ; branchcc occurs ; |117| 
     164                      .dwpsn  file "C:/Users/a0221074/Desktop/C5000/IBM_Watson_TIdesign_workarea/CSL_bitbucket/c55_csl/c55x
     165 000052 A906          MOV *SP(#3), AR1 ; |117| 
     166 000054 3499          NEG AR1, AR1 ; |117| 
     167 000056 C906          MOV AR1, *SP(#3) ; |117| 
     168 000058       $C$L5:    
     169                      .dwpsn  file "C:/Users/a0221074/Desktop/C5000/IBM_Watson_TIdesign_workarea/CSL_bitbucket/c55_csl/c55x
     170 000058 A406          MOV *SP(#3), T0 ; |127| 
     171                      .dwpsn  file "C:/Users/a0221074/Desktop/C5000/IBM_Watson_TIdesign_workarea/CSL_bitbucket/c55_csl/c55x
     172 00005a 4E07          AADD #7, SP
     173                      .dwcfi  cfa_offset, 1
     174              $C$DW$12        .dwtag  DW_TAG_TI_branch
     175                      .dwattr $C$DW$12, DW_AT_low_pc(0x00)
     176                      .dwattr $C$DW$12, DW_AT_TI_return
     177 00005c 4804          RET
     178                                                      ; return occurs
     179                      .dwattr $C$DW$1, DW_AT_TI_end_file("C:/Users/a0221074/Desktop/C5000/IBM_Watson_TIdesign_workarea/CSL_
     180                      .dwattr $C$DW$1, DW_AT_TI_end_line(0x80)
     181                      .dwattr $C$DW$1, DW_AT_TI_end_column(0x01)
     182                      .dwendentry
     183                      .dwendtag $C$DW$1
     184              
     185 000000               .sect   ".text:_vector_packing"
     186                      .clink
     187                      .global _vector_packing
     188              
     189              $C$DW$13        .dwtag  DW_TAG_subprogram, DW_AT_name("vector_packing")
     190                      .dwattr $C$DW$13, DW_AT_low_pc(_vector_packing)
     191                      .dwattr $C$DW$13, DW_AT_high_pc(0x00)
     192                      .dwattr $C$DW$13, DW_AT_TI_symbol_name("_vector_packing")
     193                      .dwattr $C$DW$13, DW_AT_external
     194                      .dwattr $C$DW$13, DW_AT_TI_begin_file("C:/Users/a0221074/Desktop/C5000/IBM_Watson_TIdesign_workarea/C
     195                      .dwattr $C$DW$13, DW_AT_TI_begin_line(0x94)
     196                      .dwattr $C$DW$13, DW_AT_TI_begin_column(0x1d)
     197                      .dwattr $C$DW$13, DW_AT_TI_max_frame_size(0x0c)
     198                      .dwpsn  file "C:/Users/a0221074/Desktop/C5000/IBM_Watson_TIdesign_workarea/CSL_bitbucket/c55_csl/c55x
     199              
     200                      .dwfde $C$DW$CIE, _vector_packing
     201              $C$DW$14        .dwtag  DW_TAG_formal_parameter, DW_AT_name("v_in")
     202                      .dwattr $C$DW$14, DW_AT_TI_symbol_name("_v_in")
     203                      .dwattr $C$DW$14, DW_AT_type(*$C$DW$T$20)
     204                      .dwattr $C$DW$14, DW_AT_location[DW_OP_reg17]
     205              $C$DW$15        .dwtag  DW_TAG_formal_parameter, DW_AT_name("v_out")
     206                      .dwattr $C$DW$15, DW_AT_TI_symbol_name("_v_out")
     207                      .dwattr $C$DW$15, DW_AT_type(*$C$DW$T$21)
     208                      .dwattr $C$DW$15, DW_AT_location[DW_OP_reg19]
TMS320C55x Assembler PC v4.4.1 Wed Sep 13 16:33:43 2017

Tools Copyright (c) 1996-2012 Texas Instruments Incorporated
C:\Users\a0221074\AppData\Local\Temp\0486410                         PAGE    5

     209              $C$DW$16        .dwtag  DW_TAG_formal_parameter, DW_AT_name("max_scale")
     210                      .dwattr $C$DW$16, DW_AT_TI_symbol_name("_max_scale")
     211                      .dwattr $C$DW$16, DW_AT_type(*$C$DW$T$20)
     212                      .dwattr $C$DW$16, DW_AT_location[DW_OP_reg21]
     213              $C$DW$17        .dwtag  DW_TAG_formal_parameter, DW_AT_name("D")
     214                      .dwattr $C$DW$17, DW_AT_TI_symbol_name("_D")
     215                      .dwattr $C$DW$17, DW_AT_type(*$C$DW$T$8)
     216                      .dwattr $C$DW$17, DW_AT_location[DW_OP_reg12]
     217              ;*******************************************************************************
     218              ;* FUNCTION NAME: vector_packing                                               *
     219              ;*                                                                             *
     220              ;*   Function Uses Regs : AC0,AC0,AC1,T0,T1,AR0,XAR0,AR1,XAR1,AR2,XAR2,AR3,    *
     221              ;*                        XAR3,SP,CARRY,TC1,M40,SATA,SATD,RDM,FRCT,SMUL        *
     222              ;*   Stack Frame        : Compact (No Frame Pointer, w/ debug)                 *
     223              ;*   Total Frame Size   : 12 words                                             *
     224              ;*                        (2 return address/alignment)                         *
     225              ;*                        (10 local values)                                    *
     226              ;*   Min System Stack   : 1 word                                               *
     227              ;*******************************************************************************
     228 000000       _vector_packing:
     229                      .dwcfi  cfa_offset, 1
     230                      .dwcfi  save_reg_to_mem, 91, -1
     231 000000 4EF5          AADD #-11, SP
     232                      .dwcfi  cfa_offset, 12
     233              $C$DW$18        .dwtag  DW_TAG_variable, DW_AT_name("v_in")
     234                      .dwattr $C$DW$18, DW_AT_TI_symbol_name("_v_in")
     235                      .dwattr $C$DW$18, DW_AT_type(*$C$DW$T$20)
     236                      .dwattr $C$DW$18, DW_AT_location[DW_OP_bregx 0x24 0]
     237              $C$DW$19        .dwtag  DW_TAG_variable, DW_AT_name("v_out")
     238                      .dwattr $C$DW$19, DW_AT_TI_symbol_name("_v_out")
     239                      .dwattr $C$DW$19, DW_AT_type(*$C$DW$T$21)
     240                      .dwattr $C$DW$19, DW_AT_location[DW_OP_bregx 0x24 2]
     241              $C$DW$20        .dwtag  DW_TAG_variable, DW_AT_name("max_scale")
     242                      .dwattr $C$DW$20, DW_AT_TI_symbol_name("_max_scale")
     243                      .dwattr $C$DW$20, DW_AT_type(*$C$DW$T$20)
     244                      .dwattr $C$DW$20, DW_AT_location[DW_OP_bregx 0x24 4]
     245              $C$DW$21        .dwtag  DW_TAG_variable, DW_AT_name("D")
     246                      .dwattr $C$DW$21, DW_AT_TI_symbol_name("_D")
     247                      .dwattr $C$DW$21, DW_AT_type(*$C$DW$T$8)
     248                      .dwattr $C$DW$21, DW_AT_location[DW_OP_bregx 0x24 6]
     249              $C$DW$22        .dwtag  DW_TAG_variable, DW_AT_name("j")
     250                      .dwattr $C$DW$22, DW_AT_TI_symbol_name("_j")
     251                      .dwattr $C$DW$22, DW_AT_type(*$C$DW$T$8)
     252                      .dwattr $C$DW$22, DW_AT_location[DW_OP_bregx 0x24 7]
     253              $C$DW$23        .dwtag  DW_TAG_variable, DW_AT_name("tmp1")
     254                      .dwattr $C$DW$23, DW_AT_TI_symbol_name("_tmp1")
     255                      .dwattr $C$DW$23, DW_AT_type(*$C$DW$T$29)
     256                      .dwattr $C$DW$23, DW_AT_location[DW_OP_bregx 0x24 8]
     257              $C$DW$24        .dwtag  DW_TAG_variable, DW_AT_name("tmp2")
     258                      .dwattr $C$DW$24, DW_AT_TI_symbol_name("_tmp2")
     259                      .dwattr $C$DW$24, DW_AT_type(*$C$DW$T$29)
     260                      .dwattr $C$DW$24, DW_AT_location[DW_OP_bregx 0x24 9]
     261 000002 C40C          MOV T0, *SP(#6) ; |149| 
     262 000004 EB08          MOV XAR2, dbl(*SP(#4))
         000006 A5   
TMS320C55x Assembler PC v4.4.1 Wed Sep 13 16:33:43 2017

Tools Copyright (c) 1996-2012 Texas Instruments Incorporated
C:\Users\a0221074\AppData\Local\Temp\0486410                         PAGE    6

     263 000007 EB04          MOV XAR1, dbl(*SP(#2))
         000009 95   
     264 00000a EB00          MOV XAR0, dbl(*SP(#0))
         00000c 85   
     265                      .dwpsn  file "C:/Users/a0221074/Desktop/C5000/IBM_Watson_TIdesign_workarea/CSL_bitbucket/c55_csl/c55x
     266 00000d ED08          MOV dbl(*SP(#4)), XAR3
         00000f BF   
     267 000010 90B0          MOV XAR3, AC0
     268 000012 0410          BCC $C$L7,AC0 != #0 ; |153| 
         000014 5D   
     269                                                      ; branchcc occurs ; |153| 
     270                      .dwpsn  file "C:/Users/a0221074/Desktop/C5000/IBM_Watson_TIdesign_workarea/CSL_bitbucket/c55_csl/c55x
     271 000015 E60E          MOV #0, *SP(#7) ; |155| 
         000017 00   
     272                      .dwpsn  file "C:/Users/a0221074/Desktop/C5000/IBM_Watson_TIdesign_workarea/CSL_bitbucket/c55_csl/c55x
     273 000018 A90C          MOV *SP(#6), AR1 ; |155| 
     274 00001a AA0E          MOV *SP(#7), AR2 ; |155| 
     275 00001c 12A8          CMP AR2 >= AR1, TC1 ; |155| 
         00001e 90   
     276 00001f 6D64          BCC $C$L9,TC1 ; |155| 
         000021 00B7 
     277                                                      ; branchcc occurs ; |155| 
     278 000023       $C$L6:    
     279 000023       $C$DW$L$_vector_packing$3$B:
     280                      .dwpsn  file "C:/Users/a0221074/Desktop/C5000/IBM_Watson_TIdesign_workarea/CSL_bitbucket/c55_csl/c55x
     281 000023 ED00          MOV dbl(*SP(#0)), XAR3
         000025 BF   
     282 000026 22A4          MOV AR2, T0
     283              
     284 000028 A46B          MOV *AR3(T0), T0 ; |157| 
     285 00002a 3D05  ||      MOV #0, T1
     286              
     287              $C$DW$25        .dwtag  DW_TAG_TI_branch
     288                      .dwattr $C$DW$25, DW_AT_low_pc(0x00)
     289                      .dwattr $C$DW$25, DW_AT_name("_nbr_coding")
     290                      .dwattr $C$DW$25, DW_AT_TI_call
     291              
     292 00002c 6C00          CALL #_nbr_coding ; |157| 
         00002e 0000+
     293 000030 3D08  ||      MOV #0, AR0
     294              
     295                                                      ; call occurs [#_nbr_coding] ; |157| 
     296 000032 2240          MOV T0, AC0
     297 000034 1005          SFTS AC0, #-8, AC0 ; |157| 
         000036 38   
     298 000037 C010          MOV AC0, *SP(#8) ; |157| 
     299                      .dwpsn  file "C:/Users/a0221074/Desktop/C5000/IBM_Watson_TIdesign_workarea/CSL_bitbucket/c55_csl/c55x
     300 000039 ED00          MOV dbl(*SP(#0)), XAR3
         00003b BF   
     301 00003c A90C          MOV *SP(#6), AR1 ; |158| 
     302 00003e D60E          ADD *SP(#7), AR1, T0 ; |158| 
         000040 49   
     303 000041 A46B          MOV *AR3(T0), T0 ; |158| 
     304              $C$DW$26        .dwtag  DW_TAG_TI_branch
     305                      .dwattr $C$DW$26, DW_AT_low_pc(0x00)
TMS320C55x Assembler PC v4.4.1 Wed Sep 13 16:33:43 2017

Tools Copyright (c) 1996-2012 Texas Instruments Incorporated
C:\Users\a0221074\AppData\Local\Temp\0486410                         PAGE    7

     306                      .dwattr $C$DW$26, DW_AT_name("_nbr_coding")
     307                      .dwattr $C$DW$26, DW_AT_TI_call
     308              
     309 000043 6C00          CALL #_nbr_coding ; |158| 
         000045 0000+
     310 000047 3D05  ||      MOV #0, T1
     311              
     312                                                      ; call occurs [#_nbr_coding] ; |158| 
     313 000049 2240          MOV T0, AC0
     314 00004b 1005          SFTS AC0, #-8, AC0 ; |158| 
         00004d 38   
     315 00004e C012          MOV AC0, *SP(#9) ; |158| 
     316                      .dwpsn  file "C:/Users/a0221074/Desktop/C5000/IBM_Watson_TIdesign_workarea/CSL_bitbucket/c55_csl/c55x
     317 000050 A40E          MOV *SP(#7), T0 ; |159| 
     318 000052 ED04          MOV dbl(*SP(#2)), XAR3
         000054 BF   
     319 000055 2209          MOV AC0, AR1 ; |159| 
     320              
     321 000059 19FF          AND #0x00ff, AR1, AC0 ; |159| 
         00005b 09   
     322 000057 A110  ||      MOV *SP(#8), AC1 ; |159| 
     323              
     324 00005c 1013          ADD AC1 << #8, AC0 ; |159| 
         00005e 08   
     325 00005f C06B          MOV AC0, *AR3(T0) ; |159| 
     326                      .dwpsn  file "C:/Users/a0221074/Desktop/C5000/IBM_Watson_TIdesign_workarea/CSL_bitbucket/c55_csl/c55x
     327 000061 F70E          ADD #1, *SP(#7) ; |155| 
         000063 0001 
     328                      .dwpsn  file "C:/Users/a0221074/Desktop/C5000/IBM_Watson_TIdesign_workarea/CSL_bitbucket/c55_csl/c55x
     329 000065 A90C          MOV *SP(#6), AR1 ; |155| 
     330 000067 AA0E          MOV *SP(#7), AR2 ; |155| 
     331 000069 12A4          CMP AR2 < AR1, TC1 ; |155| 
         00006b 90   
     332 00006c 0464          BCC $C$L6,TC1 ; |155| 
         00006e B4   
     333                                                      ; branchcc occurs ; |155| 
     334 00006f       $C$DW$L$_vector_packing$3$E:
     335                      .dwpsn  file "C:/Users/a0221074/Desktop/C5000/IBM_Watson_TIdesign_workarea/CSL_bitbucket/c55_csl/c55x
     336 00006f 0600          B $C$L9   ; |161| 
         000071 68   
     337                                                      ; branch occurs ; |161| 
     338 000072       $C$L7:    
     339                      .dwpsn  file "C:/Users/a0221074/Desktop/C5000/IBM_Watson_TIdesign_workarea/CSL_bitbucket/c55_csl/c55x
     340 000072 E60E          MOV #0, *SP(#7) ; |164| 
         000074 00   
     341                      .dwpsn  file "C:/Users/a0221074/Desktop/C5000/IBM_Watson_TIdesign_workarea/CSL_bitbucket/c55_csl/c55x
     342 000075 A90C          MOV *SP(#6), AR1 ; |164| 
     343 000077 AA0E          MOV *SP(#7), AR2 ; |164| 
     344 000079 12A8          CMP AR2 >= AR1, TC1 ; |164| 
         00007b 90   
     345 00007c 0464          BCC $C$L9,TC1 ; |164| 
         00007e 5B   
     346                                                      ; branchcc occurs ; |164| 
     347 00007f       $C$L8:    
     348 00007f       $C$DW$L$_vector_packing$6$B:
TMS320C55x Assembler PC v4.4.1 Wed Sep 13 16:33:43 2017

Tools Copyright (c) 1996-2012 Texas Instruments Incorporated
C:\Users\a0221074\AppData\Local\Temp\0486410                         PAGE    8

     349                      .dwpsn  file "C:/Users/a0221074/Desktop/C5000/IBM_Watson_TIdesign_workarea/CSL_bitbucket/c55_csl/c55x
     350 00007f 22A4          MOV AR2, T0
     351 000081 ED00          MOV dbl(*SP(#0)), XAR3
         000083 BF   
     352 000084 A96B          MOV *AR3(T0), AR1 ; |166| 
     353 000086 ED08          MOV dbl(*SP(#4)), XAR3
         000088 BF   
     354              
     355 000089 A56B          MOV *AR3(T0), T1 ; |166| 
     356 00008b 3D08  ||      MOV #0, AR0
     357              
     358              $C$DW$27        .dwtag  DW_TAG_TI_branch
     359                      .dwattr $C$DW$27, DW_AT_low_pc(0x00)
     360                      .dwattr $C$DW$27, DW_AT_name("_nbr_coding")
     361                      .dwattr $C$DW$27, DW_AT_TI_call
     362              
     363 00008d 6C00          CALL #_nbr_coding ; |166| 
         00008f 0000+
     364 000091 2394  ||      MOV AR1, T0 ; |166| 
     365              
     366                                                      ; call occurs [#_nbr_coding] ; |166| 
     367 000093 2240          MOV T0, AC0
     368 000095 1005          SFTS AC0, #-8, AC0 ; |166| 
         000097 38   
     369 000098 C010          MOV AC0, *SP(#8) ; |166| 
     370                      .dwpsn  file "C:/Users/a0221074/Desktop/C5000/IBM_Watson_TIdesign_workarea/CSL_bitbucket/c55_csl/c55x
     371 00009a ED00          MOV dbl(*SP(#0)), XAR3
         00009c BF   
     372 00009d A90C          MOV *SP(#6), AR1 ; |167| 
     373 00009f D60E          ADD *SP(#7), AR1, T0 ; |167| 
         0000a1 49   
     374 0000a2 A96B          MOV *AR3(T0), AR1 ; |167| 
     375 0000a4 ED08          MOV dbl(*SP(#4)), XAR3
         0000a6 BF   
     376 0000a7 AA0C          MOV *SP(#6), AR2 ; |167| 
     377 0000a9 D60E          ADD *SP(#7), AR2, T0 ; |167| 
         0000ab 4A   
     378 0000ac A56B          MOV *AR3(T0), T1 ; |167| 
     379              $C$DW$28        .dwtag  DW_TAG_TI_branch
     380                      .dwattr $C$DW$28, DW_AT_low_pc(0x00)
     381                      .dwattr $C$DW$28, DW_AT_name("_nbr_coding")
     382                      .dwattr $C$DW$28, DW_AT_TI_call
     383              
     384 0000ae 6C00          CALL #_nbr_coding ; |167| 
         0000b0 0000+
     385 0000b2 2394  ||      MOV AR1, T0 ; |167| 
     386              
     387                                                      ; call occurs [#_nbr_coding] ; |167| 
     388 0000b4 2240          MOV T0, AC0
     389 0000b6 1005          SFTS AC0, #-8, AC0 ; |167| 
         0000b8 38   
     390 0000b9 C012          MOV AC0, *SP(#9) ; |167| 
     391                      .dwpsn  file "C:/Users/a0221074/Desktop/C5000/IBM_Watson_TIdesign_workarea/CSL_bitbucket/c55_csl/c55x
     392 0000bb A40E          MOV *SP(#7), T0 ; |168| 
     393 0000bd ED04          MOV dbl(*SP(#2)), XAR3
TMS320C55x Assembler PC v4.4.1 Wed Sep 13 16:33:43 2017

Tools Copyright (c) 1996-2012 Texas Instruments Incorporated
C:\Users\a0221074\AppData\Local\Temp\0486410                         PAGE    9

         0000bf BF   
     394 0000c0 2209          MOV AC0, AR1 ; |168| 
     395              
     396 0000c4 19FF          AND #0x00ff, AR1, AC0 ; |168| 
         0000c6 09   
     397 0000c2 A110  ||      MOV *SP(#8), AC1 ; |168| 
     398              
     399 0000c7 1013          ADD AC1 << #8, AC0 ; |168| 
         0000c9 08   
     400 0000ca C06B          MOV AC0, *AR3(T0) ; |168| 
     401                      .dwpsn  file "C:/Users/a0221074/Desktop/C5000/IBM_Watson_TIdesign_workarea/CSL_bitbucket/c55_csl/c55x
     402 0000cc F70E          ADD #1, *SP(#7) ; |164| 
         0000ce 0001 
     403                      .dwpsn  file "C:/Users/a0221074/Desktop/C5000/IBM_Watson_TIdesign_workarea/CSL_bitbucket/c55_csl/c55x
     404 0000d0 A90C          MOV *SP(#6), AR1 ; |164| 
     405 0000d2 AA0E          MOV *SP(#7), AR2 ; |164| 
     406 0000d4 12A4          CMP AR2 < AR1, TC1 ; |164| 
         0000d6 90   
     407 0000d7 0464          BCC $C$L8,TC1 ; |164| 
         0000d9 A5   
     408                                                      ; branchcc occurs ; |164| 
     409 0000da       $C$DW$L$_vector_packing$6$E:
     410                      .dwpsn  file "C:/Users/a0221074/Desktop/C5000/IBM_Watson_TIdesign_workarea/CSL_bitbucket/c55_csl/c55x
     411 0000da       $C$L9:    
     412 0000da 4E0B          AADD #11, SP
     413                      .dwcfi  cfa_offset, 1
     414              $C$DW$29        .dwtag  DW_TAG_TI_branch
     415                      .dwattr $C$DW$29, DW_AT_low_pc(0x00)
     416                      .dwattr $C$DW$29, DW_AT_TI_return
     417 0000dc 4804          RET
     418                                                      ; return occurs
     419              
     420              $C$DW$30        .dwtag  DW_TAG_TI_loop
     421                      .dwattr $C$DW$30, DW_AT_name("C:\\Users\\a0221074\\AppData\\Local\\Temp\\0486410:$C$L8:1:1505334823")
     422                      .dwattr $C$DW$30, DW_AT_TI_begin_file("C:/Users/a0221074/Desktop/C5000/IBM_Watson_TIdesign_workarea/C
     423                      .dwattr $C$DW$30, DW_AT_TI_begin_line(0xa4)
     424                      .dwattr $C$DW$30, DW_AT_TI_end_line(0xa9)
     425              $C$DW$31        .dwtag  DW_TAG_TI_loop_range
     426                      .dwattr $C$DW$31, DW_AT_low_pc($C$DW$L$_vector_packing$6$B)
     427                      .dwattr $C$DW$31, DW_AT_high_pc($C$DW$L$_vector_packing$6$E)
     428                      .dwendtag $C$DW$30
     429              
     430              
     431              $C$DW$32        .dwtag  DW_TAG_TI_loop
     432                      .dwattr $C$DW$32, DW_AT_name("C:\\Users\\a0221074\\AppData\\Local\\Temp\\0486410:$C$L6:1:1505334823")
     433                      .dwattr $C$DW$32, DW_AT_TI_begin_file("C:/Users/a0221074/Desktop/C5000/IBM_Watson_TIdesign_workarea/C
     434                      .dwattr $C$DW$32, DW_AT_TI_begin_line(0x9b)
     435                      .dwattr $C$DW$32, DW_AT_TI_end_line(0xa0)
     436              $C$DW$33        .dwtag  DW_TAG_TI_loop_range
     437                      .dwattr $C$DW$33, DW_AT_low_pc($C$DW$L$_vector_packing$3$B)
     438                      .dwattr $C$DW$33, DW_AT_high_pc($C$DW$L$_vector_packing$3$E)
     439                      .dwendtag $C$DW$32
     440              
     441                      .dwattr $C$DW$13, DW_AT_TI_end_file("C:/Users/a0221074/Desktop/C5000/IBM_Watson_TIdesign_workarea/CSL
     442                      .dwattr $C$DW$13, DW_AT_TI_end_line(0xab)
TMS320C55x Assembler PC v4.4.1 Wed Sep 13 16:33:43 2017

Tools Copyright (c) 1996-2012 Texas Instruments Incorporated
C:\Users\a0221074\AppData\Local\Temp\0486410                         PAGE   10

     443                      .dwattr $C$DW$13, DW_AT_TI_end_column(0x01)
     444                      .dwendentry
     445                      .dwendtag $C$DW$13
     446              
     447 000000               .sect   ".text:_vector_unpacking"
     448                      .clink
     449                      .global _vector_unpacking
     450              
     451              $C$DW$34        .dwtag  DW_TAG_subprogram, DW_AT_name("vector_unpacking")
     452                      .dwattr $C$DW$34, DW_AT_low_pc(_vector_unpacking)
     453                      .dwattr $C$DW$34, DW_AT_high_pc(0x00)
     454                      .dwattr $C$DW$34, DW_AT_TI_symbol_name("_vector_unpacking")
     455                      .dwattr $C$DW$34, DW_AT_external
     456                      .dwattr $C$DW$34, DW_AT_TI_begin_file("C:/Users/a0221074/Desktop/C5000/IBM_Watson_TIdesign_workarea/C
     457                      .dwattr $C$DW$34, DW_AT_TI_begin_line(0xbb)
     458                      .dwattr $C$DW$34, DW_AT_TI_begin_column(0x1d)
     459                      .dwattr $C$DW$34, DW_AT_TI_max_frame_size(0x0a)
     460                      .dwpsn  file "C:/Users/a0221074/Desktop/C5000/IBM_Watson_TIdesign_workarea/CSL_bitbucket/c55_csl/c55x
     461              
     462                      .dwfde $C$DW$CIE, _vector_unpacking
     463              $C$DW$35        .dwtag  DW_TAG_formal_parameter, DW_AT_name("v_in")
     464                      .dwattr $C$DW$35, DW_AT_TI_symbol_name("_v_in")
     465                      .dwattr $C$DW$35, DW_AT_type(*$C$DW$T$24)
     466                      .dwattr $C$DW$35, DW_AT_location[DW_OP_reg17]
     467              $C$DW$36        .dwtag  DW_TAG_formal_parameter, DW_AT_name("v_out")
     468                      .dwattr $C$DW$36, DW_AT_TI_symbol_name("_v_out")
     469                      .dwattr $C$DW$36, DW_AT_type(*$C$DW$T$25)
     470                      .dwattr $C$DW$36, DW_AT_location[DW_OP_reg19]
     471              $C$DW$37        .dwtag  DW_TAG_formal_parameter, DW_AT_name("scale")
     472                      .dwattr $C$DW$37, DW_AT_TI_symbol_name("_scale")
     473                      .dwattr $C$DW$37, DW_AT_type(*$C$DW$T$20)
     474                      .dwattr $C$DW$37, DW_AT_location[DW_OP_reg21]
     475              $C$DW$38        .dwtag  DW_TAG_formal_parameter, DW_AT_name("D")
     476                      .dwattr $C$DW$38, DW_AT_TI_symbol_name("_D")
     477                      .dwattr $C$DW$38, DW_AT_type(*$C$DW$T$8)
     478                      .dwattr $C$DW$38, DW_AT_location[DW_OP_reg12]
     479              ;*******************************************************************************
     480              ;* FUNCTION NAME: vector_unpacking                                             *
     481              ;*                                                                             *
     482              ;*   Function Uses Regs : AC0,AC0,T0,T1,AR0,XAR0,AR1,XAR1,AR2,XAR2,AR3,XAR3,SP,*
     483              ;*                        CARRY,TC1,M40,SATA,SATD,RDM,FRCT,SMUL                *
     484              ;*   Stack Frame        : Compact (No Frame Pointer, w/ debug)                 *
     485              ;*   Total Frame Size   : 10 words                                             *
     486              ;*                        (2 return address/alignment)                         *
     487              ;*                        (8 local values)                                     *
     488              ;*   Min System Stack   : 1 word                                               *
     489              ;*******************************************************************************
     490 000000       _vector_unpacking:
     491                      .dwcfi  cfa_offset, 1
     492                      .dwcfi  save_reg_to_mem, 91, -1
     493 000000 4EF7          AADD #-9, SP
     494                      .dwcfi  cfa_offset, 10
     495              $C$DW$39        .dwtag  DW_TAG_variable, DW_AT_name("v_in")
     496                      .dwattr $C$DW$39, DW_AT_TI_symbol_name("_v_in")
     497                      .dwattr $C$DW$39, DW_AT_type(*$C$DW$T$24)
TMS320C55x Assembler PC v4.4.1 Wed Sep 13 16:33:43 2017

Tools Copyright (c) 1996-2012 Texas Instruments Incorporated
C:\Users\a0221074\AppData\Local\Temp\0486410                         PAGE   11

     498                      .dwattr $C$DW$39, DW_AT_location[DW_OP_bregx 0x24 0]
     499              $C$DW$40        .dwtag  DW_TAG_variable, DW_AT_name("v_out")
     500                      .dwattr $C$DW$40, DW_AT_TI_symbol_name("_v_out")
     501                      .dwattr $C$DW$40, DW_AT_type(*$C$DW$T$25)
     502                      .dwattr $C$DW$40, DW_AT_location[DW_OP_bregx 0x24 2]
     503              $C$DW$41        .dwtag  DW_TAG_variable, DW_AT_name("scale")
     504                      .dwattr $C$DW$41, DW_AT_TI_symbol_name("_scale")
     505                      .dwattr $C$DW$41, DW_AT_type(*$C$DW$T$20)
     506                      .dwattr $C$DW$41, DW_AT_location[DW_OP_bregx 0x24 4]
     507              $C$DW$42        .dwtag  DW_TAG_variable, DW_AT_name("D")
     508                      .dwattr $C$DW$42, DW_AT_TI_symbol_name("_D")
     509                      .dwattr $C$DW$42, DW_AT_type(*$C$DW$T$8)
     510                      .dwattr $C$DW$42, DW_AT_location[DW_OP_bregx 0x24 6]
     511              $C$DW$43        .dwtag  DW_TAG_variable, DW_AT_name("d")
     512                      .dwattr $C$DW$43, DW_AT_TI_symbol_name("_d")
     513                      .dwattr $C$DW$43, DW_AT_type(*$C$DW$T$8)
     514                      .dwattr $C$DW$43, DW_AT_location[DW_OP_bregx 0x24 7]
     515 000002 C40C          MOV T0, *SP(#6) ; |188| 
     516 000004 EB08          MOV XAR2, dbl(*SP(#4))
         000006 A5   
     517 000007 EB04          MOV XAR1, dbl(*SP(#2))
         000009 95   
     518 00000a EB00          MOV XAR0, dbl(*SP(#0))
         00000c 85   
     519                      .dwpsn  file "C:/Users/a0221074/Desktop/C5000/IBM_Watson_TIdesign_workarea/CSL_bitbucket/c55_csl/c55x
     520 00000d E60E          MOV #0, *SP(#7) ; |191| 
         00000f 00   
     521                      .dwpsn  file "C:/Users/a0221074/Desktop/C5000/IBM_Watson_TIdesign_workarea/CSL_bitbucket/c55_csl/c55x
     522 000010 A90C          MOV *SP(#6), AR1 ; |191| 
     523 000012 AA0E          MOV *SP(#7), AR2 ; |191| 
     524 000014 12A8          CMP AR2 >= AR1, TC1 ; |191| 
         000016 90   
     525 000017 0464          BCC $C$L12,TC1 ; |191| 
         000019 6E   
     526                                                      ; branchcc occurs ; |191| 
     527 00001a       $C$L10:    
     528 00001a       $C$DW$L$_vector_unpacking$2$B:
     529                      .dwpsn  file "C:/Users/a0221074/Desktop/C5000/IBM_Watson_TIdesign_workarea/CSL_bitbucket/c55_csl/c55x
     530 00001a 22A4          MOV AR2, T0
     531 00001c ED00          MOV dbl(*SP(#0)), XAR3
         00001e BF   
     532 00001f A96B          MOV *AR3(T0), AR1 ; |192| 
     533 000021 ED04          MOV dbl(*SP(#2)), XAR3
         000023 BF   
     534 000024 7DFF          AND #0xff00, AR1, AC0 ; |192| 
         000026 0009 
     535 000028 C06B          MOV AC0, *AR3(T0) ; |192| 
     536 00002a A40E          MOV *SP(#7), T0 ; |192| 
     537 00002c ED00          MOV dbl(*SP(#0)), XAR3
         00002e BF   
     538 00002f A06B          MOV *AR3(T0), AC0 ; |192| 
     539 000031 ED04          MOV dbl(*SP(#2)), XAR3
         000033 BF   
     540              
     541 000036 1107          SFTL AC0, #8, AC0 ; |192| 
TMS320C55x Assembler PC v4.4.1 Wed Sep 13 16:33:43 2017

Tools Copyright (c) 1996-2012 Texas Instruments Incorporated
C:\Users\a0221074\AppData\Local\Temp\0486410                         PAGE   12

         000038 08   
     542 000034 A90C  ||      MOV *SP(#6), AR1 ; |192| 
     543              
     544 000039 D60E          ADD *SP(#7), AR1, T0 ; |192| 
         00003b 49   
     545 00003c C06B          MOV AC0, *AR3(T0) ; |192| 
     546                      .dwpsn  file "C:/Users/a0221074/Desktop/C5000/IBM_Watson_TIdesign_workarea/CSL_bitbucket/c55_csl/c55x
     547 00003e ED08          MOV dbl(*SP(#4)), XAR3
         000040 BF   
     548 000041 90B0          MOV XAR3, AC0
     549 000043 0400          BCC $C$L11,AC0 == #0 ; |194| 
         000045 34   
     550                                                      ; branchcc occurs ; |194| 
     551 000046       $C$DW$L$_vector_unpacking$2$E:
     552 000046       $C$DW$L$_vector_unpacking$3$B:
     553                      .dwpsn  file "C:/Users/a0221074/Desktop/C5000/IBM_Watson_TIdesign_workarea/CSL_bitbucket/c55_csl/c55x
     554 000046 A90E          MOV *SP(#7), AR1 ; |196| 
     555 000048 ED04          MOV dbl(*SP(#2)), XAR3
         00004a BF   
     556 00004b ED08          MOV dbl(*SP(#4)), XAR2
         00004d AF   
     557 00004e 2294          MOV AR1, T0
     558              
     559 000050 8A4B          MOV *AR2(T0), AR1 ; |196| 
         000052 B918 
         000054 90   
     560              ||      AADD AR1, AR3 ; |196| 
     561              
     562 000057 3595          NEG AR1, T1 ; |196| 
     563 000055 A061  ||      MOV *AR3, AC0 ; |196| 
     564              
     565 000059 5C05          SFTS AC0, T1, AC0 ; |196| 
     566 00005b C061          MOV AC0, *AR3 ; |196| 
     567                      .dwpsn  file "C:/Users/a0221074/Desktop/C5000/IBM_Watson_TIdesign_workarea/CSL_bitbucket/c55_csl/c55x
     568 00005d ED04          MOV dbl(*SP(#2)), XAR3
         00005f BF   
     569 000060 A90C          MOV *SP(#6), AR1 ; |197| 
     570 000062 D60E          ADD *SP(#7), AR1, AR1 ; |197| 
         000064 99   
     571 000065 ED08          MOV dbl(*SP(#4)), XAR2
         000067 AF   
     572              
     573 000068 8A0C          MOV *SP(#6), AR1 ; |197| 
         00006a B918 
         00006c 90   
     574              ||      AADD AR1, AR3 ; |197| 
     575              
     576 00006d D60E          ADD *SP(#7), AR1, T0 ; |197| 
         00006f 49   
     577 000070 A94B          MOV *AR2(T0), AR1 ; |197| 
     578              
     579 000074 3595          NEG AR1, T1 ; |197| 
     580 000072 A061  ||      MOV *AR3, AC0 ; |197| 
     581              
     582 000076 5C05          SFTS AC0, T1, AC0 ; |197| 
TMS320C55x Assembler PC v4.4.1 Wed Sep 13 16:33:43 2017

Tools Copyright (c) 1996-2012 Texas Instruments Incorporated
C:\Users\a0221074\AppData\Local\Temp\0486410                         PAGE   13

     583 000078 C061          MOV AC0, *AR3 ; |197| 
     584 00007a       $C$DW$L$_vector_unpacking$3$E:
     585 00007a       $C$L11:    
     586 00007a       $C$DW$L$_vector_unpacking$4$B:
     587                      .dwpsn  file "C:/Users/a0221074/Desktop/C5000/IBM_Watson_TIdesign_workarea/CSL_bitbucket/c55_csl/c55x
     588 00007a F70E          ADD #1, *SP(#7) ; |191| 
         00007c 0001 
     589                      .dwpsn  file "C:/Users/a0221074/Desktop/C5000/IBM_Watson_TIdesign_workarea/CSL_bitbucket/c55_csl/c55x
     590 00007e A90C          MOV *SP(#6), AR1 ; |191| 
     591 000080 AA0E          MOV *SP(#7), AR2 ; |191| 
     592 000082 12A4          CMP AR2 < AR1, TC1 ; |191| 
         000084 90   
     593 000085 0464          BCC $C$L10,TC1 ; |191| 
         000087 92   
     594                                                      ; branchcc occurs ; |191| 
     595 000088       $C$DW$L$_vector_unpacking$4$E:
     596                      .dwpsn  file "C:/Users/a0221074/Desktop/C5000/IBM_Watson_TIdesign_workarea/CSL_bitbucket/c55_csl/c55x
     597 000088       $C$L12:    
     598 000088 4E09          AADD #9, SP
     599                      .dwcfi  cfa_offset, 1
     600              $C$DW$44        .dwtag  DW_TAG_TI_branch
     601                      .dwattr $C$DW$44, DW_AT_low_pc(0x00)
     602                      .dwattr $C$DW$44, DW_AT_TI_return
     603 00008a 4804          RET
     604                                                      ; return occurs
     605              
     606              $C$DW$45        .dwtag  DW_TAG_TI_loop
     607                      .dwattr $C$DW$45, DW_AT_name("C:\\Users\\a0221074\\AppData\\Local\\Temp\\0486410:$C$L10:1:1505334823"
     608                      .dwattr $C$DW$45, DW_AT_TI_begin_file("C:/Users/a0221074/Desktop/C5000/IBM_Watson_TIdesign_workarea/C
     609                      .dwattr $C$DW$45, DW_AT_TI_begin_line(0xbf)
     610                      .dwattr $C$DW$45, DW_AT_TI_end_line(0xc7)
     611              $C$DW$46        .dwtag  DW_TAG_TI_loop_range
     612                      .dwattr $C$DW$46, DW_AT_low_pc($C$DW$L$_vector_unpacking$2$B)
     613                      .dwattr $C$DW$46, DW_AT_high_pc($C$DW$L$_vector_unpacking$2$E)
     614              $C$DW$47        .dwtag  DW_TAG_TI_loop_range
     615                      .dwattr $C$DW$47, DW_AT_low_pc($C$DW$L$_vector_unpacking$3$B)
     616                      .dwattr $C$DW$47, DW_AT_high_pc($C$DW$L$_vector_unpacking$3$E)
     617              $C$DW$48        .dwtag  DW_TAG_TI_loop_range
     618                      .dwattr $C$DW$48, DW_AT_low_pc($C$DW$L$_vector_unpacking$4$B)
     619                      .dwattr $C$DW$48, DW_AT_high_pc($C$DW$L$_vector_unpacking$4$E)
     620                      .dwendtag $C$DW$45
     621              
     622                      .dwattr $C$DW$34, DW_AT_TI_end_file("C:/Users/a0221074/Desktop/C5000/IBM_Watson_TIdesign_workarea/CSL
     623                      .dwattr $C$DW$34, DW_AT_TI_end_line(0xc8)
     624                      .dwattr $C$DW$34, DW_AT_TI_end_column(0x01)
     625                      .dwendentry
     626                      .dwendtag $C$DW$34
     627              
     628              
     629              ;*******************************************************************************
     630              ;* TYPE INFORMATION                                                            *
     631              ;*******************************************************************************
     632              $C$DW$T$4       .dwtag  DW_TAG_base_type
     633                      .dwattr $C$DW$T$4, DW_AT_encoding(DW_ATE_boolean)
     634                      .dwattr $C$DW$T$4, DW_AT_name("bool")
TMS320C55x Assembler PC v4.4.1 Wed Sep 13 16:33:43 2017

Tools Copyright (c) 1996-2012 Texas Instruments Incorporated
C:\Users\a0221074\AppData\Local\Temp\0486410                         PAGE   14

     635                      .dwattr $C$DW$T$4, DW_AT_byte_size(0x01)
     636              $C$DW$T$5       .dwtag  DW_TAG_base_type
     637                      .dwattr $C$DW$T$5, DW_AT_encoding(DW_ATE_signed_char)
     638                      .dwattr $C$DW$T$5, DW_AT_name("signed char")
     639                      .dwattr $C$DW$T$5, DW_AT_byte_size(0x01)
     640              $C$DW$T$6       .dwtag  DW_TAG_base_type
     641                      .dwattr $C$DW$T$6, DW_AT_encoding(DW_ATE_unsigned_char)
     642                      .dwattr $C$DW$T$6, DW_AT_name("unsigned char")
     643                      .dwattr $C$DW$T$6, DW_AT_byte_size(0x01)
     644              $C$DW$T$7       .dwtag  DW_TAG_base_type
     645                      .dwattr $C$DW$T$7, DW_AT_encoding(DW_ATE_signed_char)
     646                      .dwattr $C$DW$T$7, DW_AT_name("wchar_t")
     647                      .dwattr $C$DW$T$7, DW_AT_byte_size(0x01)
     648              $C$DW$T$8       .dwtag  DW_TAG_base_type
     649                      .dwattr $C$DW$T$8, DW_AT_encoding(DW_ATE_signed)
     650                      .dwattr $C$DW$T$8, DW_AT_name("short")
     651                      .dwattr $C$DW$T$8, DW_AT_byte_size(0x01)
     652              $C$DW$49        .dwtag  DW_TAG_TI_far_type
     653                      .dwattr $C$DW$49, DW_AT_type(*$C$DW$T$8)
     654              $C$DW$T$19      .dwtag  DW_TAG_const_type
     655                      .dwattr $C$DW$T$19, DW_AT_type(*$C$DW$49)
     656              $C$DW$T$20      .dwtag  DW_TAG_pointer_type
     657                      .dwattr $C$DW$T$20, DW_AT_type(*$C$DW$T$19)
     658                      .dwattr $C$DW$T$20, DW_AT_address_class(0x17)
     659              $C$DW$T$25      .dwtag  DW_TAG_pointer_type
     660                      .dwattr $C$DW$T$25, DW_AT_type(*$C$DW$T$8)
     661                      .dwattr $C$DW$T$25, DW_AT_address_class(0x17)
     662              $C$DW$T$9       .dwtag  DW_TAG_base_type
     663                      .dwattr $C$DW$T$9, DW_AT_encoding(DW_ATE_unsigned)
     664                      .dwattr $C$DW$T$9, DW_AT_name("unsigned short")
     665                      .dwattr $C$DW$T$9, DW_AT_byte_size(0x01)
     666              $C$DW$T$21      .dwtag  DW_TAG_pointer_type
     667                      .dwattr $C$DW$T$21, DW_AT_type(*$C$DW$T$9)
     668                      .dwattr $C$DW$T$21, DW_AT_address_class(0x17)
     669              $C$DW$50        .dwtag  DW_TAG_TI_far_type
     670                      .dwattr $C$DW$50, DW_AT_type(*$C$DW$T$9)
     671              $C$DW$T$23      .dwtag  DW_TAG_const_type
     672                      .dwattr $C$DW$T$23, DW_AT_type(*$C$DW$50)
     673              $C$DW$T$24      .dwtag  DW_TAG_pointer_type
     674                      .dwattr $C$DW$T$24, DW_AT_type(*$C$DW$T$23)
     675                      .dwattr $C$DW$T$24, DW_AT_address_class(0x17)
     676              $C$DW$T$10      .dwtag  DW_TAG_base_type
     677                      .dwattr $C$DW$T$10, DW_AT_encoding(DW_ATE_signed)
     678                      .dwattr $C$DW$T$10, DW_AT_name("int")
     679                      .dwattr $C$DW$T$10, DW_AT_byte_size(0x01)
     680              $C$DW$T$11      .dwtag  DW_TAG_base_type
     681                      .dwattr $C$DW$T$11, DW_AT_encoding(DW_ATE_unsigned)
     682                      .dwattr $C$DW$T$11, DW_AT_name("unsigned int")
     683                      .dwattr $C$DW$T$11, DW_AT_byte_size(0x01)
     684              $C$DW$T$12      .dwtag  DW_TAG_base_type
     685                      .dwattr $C$DW$T$12, DW_AT_encoding(DW_ATE_signed)
     686                      .dwattr $C$DW$T$12, DW_AT_name("long")
     687                      .dwattr $C$DW$T$12, DW_AT_byte_size(0x02)
     688              $C$DW$T$13      .dwtag  DW_TAG_base_type
     689                      .dwattr $C$DW$T$13, DW_AT_encoding(DW_ATE_unsigned)
TMS320C55x Assembler PC v4.4.1 Wed Sep 13 16:33:43 2017

Tools Copyright (c) 1996-2012 Texas Instruments Incorporated
C:\Users\a0221074\AppData\Local\Temp\0486410                         PAGE   15

     690                      .dwattr $C$DW$T$13, DW_AT_name("unsigned long")
     691                      .dwattr $C$DW$T$13, DW_AT_byte_size(0x02)
     692              $C$DW$T$14      .dwtag  DW_TAG_base_type
     693                      .dwattr $C$DW$T$14, DW_AT_encoding(DW_ATE_signed)
     694                      .dwattr $C$DW$T$14, DW_AT_name("long long")
     695                      .dwattr $C$DW$T$14, DW_AT_byte_size(0x04)
     696                      .dwattr $C$DW$T$14, DW_AT_bit_size(0x28)
     697                      .dwattr $C$DW$T$14, DW_AT_bit_offset(0x18)
     698              $C$DW$T$15      .dwtag  DW_TAG_base_type
     699                      .dwattr $C$DW$T$15, DW_AT_encoding(DW_ATE_unsigned)
     700                      .dwattr $C$DW$T$15, DW_AT_name("unsigned long long")
     701                      .dwattr $C$DW$T$15, DW_AT_byte_size(0x04)
     702                      .dwattr $C$DW$T$15, DW_AT_bit_size(0x28)
     703                      .dwattr $C$DW$T$15, DW_AT_bit_offset(0x18)
     704              $C$DW$T$16      .dwtag  DW_TAG_base_type
     705                      .dwattr $C$DW$T$16, DW_AT_encoding(DW_ATE_float)
     706                      .dwattr $C$DW$T$16, DW_AT_name("float")
     707                      .dwattr $C$DW$T$16, DW_AT_byte_size(0x02)
     708              $C$DW$T$17      .dwtag  DW_TAG_base_type
     709                      .dwattr $C$DW$T$17, DW_AT_encoding(DW_ATE_float)
     710                      .dwattr $C$DW$T$17, DW_AT_name("double")
     711                      .dwattr $C$DW$T$17, DW_AT_byte_size(0x02)
     712              $C$DW$T$18      .dwtag  DW_TAG_base_type
     713                      .dwattr $C$DW$T$18, DW_AT_encoding(DW_ATE_float)
     714                      .dwattr $C$DW$T$18, DW_AT_name("long double")
     715                      .dwattr $C$DW$T$18, DW_AT_byte_size(0x02)
     716              $C$DW$T$29      .dwtag  DW_TAG_base_type
     717                      .dwattr $C$DW$T$29, DW_AT_encoding(DW_ATE_signed_char)
     718                      .dwattr $C$DW$T$29, DW_AT_name("signed char")
     719                      .dwattr $C$DW$T$29, DW_AT_byte_size(0x01)
     720                      .dwattr $C$DW$CU, DW_AT_language(DW_LANG_C)
     721              
     722              ;***************************************************************
     723              ;* DWARF CIE ENTRIES                                           *
     724              ;***************************************************************
     725              
     726              $C$DW$CIE       .dwcie 91
     727                      .dwcfi  cfa_register, 36
     728                      .dwcfi  cfa_offset, 0
     729                      .dwcfi  undefined, 0
     730                      .dwcfi  undefined, 1
     731                      .dwcfi  undefined, 2
     732                      .dwcfi  undefined, 3
     733                      .dwcfi  undefined, 4
     734                      .dwcfi  undefined, 5
     735                      .dwcfi  undefined, 6
     736                      .dwcfi  undefined, 7
     737                      .dwcfi  undefined, 8
     738                      .dwcfi  undefined, 9
     739                      .dwcfi  undefined, 10
     740                      .dwcfi  undefined, 11
     741                      .dwcfi  undefined, 12
     742                      .dwcfi  undefined, 13
     743                      .dwcfi  same_value, 14
     744                      .dwcfi  same_value, 15
TMS320C55x Assembler PC v4.4.1 Wed Sep 13 16:33:43 2017

Tools Copyright (c) 1996-2012 Texas Instruments Incorporated
C:\Users\a0221074\AppData\Local\Temp\0486410                         PAGE   16

     745                      .dwcfi  undefined, 16
     746                      .dwcfi  undefined, 17
     747                      .dwcfi  undefined, 18
     748                      .dwcfi  undefined, 19
     749                      .dwcfi  undefined, 20
     750                      .dwcfi  undefined, 21
     751                      .dwcfi  undefined, 22
     752                      .dwcfi  undefined, 23
     753                      .dwcfi  undefined, 24
     754                      .dwcfi  undefined, 25
     755                      .dwcfi  same_value, 26
     756                      .dwcfi  same_value, 27
     757                      .dwcfi  same_value, 28
     758                      .dwcfi  same_value, 29
     759                      .dwcfi  same_value, 30
     760                      .dwcfi  same_value, 31
     761                      .dwcfi  undefined, 32
     762                      .dwcfi  undefined, 33
     763                      .dwcfi  undefined, 34
     764                      .dwcfi  undefined, 35
     765                      .dwcfi  undefined, 36
     766                      .dwcfi  undefined, 37
     767                      .dwcfi  undefined, 38
     768                      .dwcfi  undefined, 39
     769                      .dwcfi  undefined, 40
     770                      .dwcfi  undefined, 41
     771                      .dwcfi  undefined, 42
     772                      .dwcfi  undefined, 43
     773                      .dwcfi  undefined, 44
     774                      .dwcfi  undefined, 45
     775                      .dwcfi  undefined, 46
     776                      .dwcfi  undefined, 47
     777                      .dwcfi  undefined, 48
     778                      .dwcfi  undefined, 49
     779                      .dwcfi  undefined, 50
     780                      .dwcfi  undefined, 51
     781                      .dwcfi  undefined, 52
     782                      .dwcfi  undefined, 53
     783                      .dwcfi  undefined, 54
     784                      .dwcfi  undefined, 55
     785                      .dwcfi  undefined, 56
     786                      .dwcfi  undefined, 57
     787                      .dwcfi  undefined, 58
     788                      .dwcfi  undefined, 59
     789                      .dwcfi  undefined, 60
     790                      .dwcfi  undefined, 61
     791                      .dwcfi  undefined, 62
     792                      .dwcfi  undefined, 63
     793                      .dwcfi  undefined, 64
     794                      .dwcfi  undefined, 65
     795                      .dwcfi  undefined, 66
     796                      .dwcfi  undefined, 67
     797                      .dwcfi  undefined, 68
     798                      .dwcfi  undefined, 69
     799                      .dwcfi  undefined, 70
TMS320C55x Assembler PC v4.4.1 Wed Sep 13 16:33:43 2017

Tools Copyright (c) 1996-2012 Texas Instruments Incorporated
C:\Users\a0221074\AppData\Local\Temp\0486410                         PAGE   17

     800                      .dwcfi  undefined, 71
     801                      .dwcfi  undefined, 72
     802                      .dwcfi  undefined, 73
     803                      .dwcfi  undefined, 74
     804                      .dwcfi  undefined, 75
     805                      .dwcfi  undefined, 76
     806                      .dwcfi  undefined, 77
     807                      .dwcfi  undefined, 78
     808                      .dwcfi  undefined, 79
     809                      .dwcfi  undefined, 80
     810                      .dwcfi  undefined, 81
     811                      .dwcfi  undefined, 82
     812                      .dwcfi  undefined, 83
     813                      .dwcfi  undefined, 84
     814                      .dwcfi  undefined, 85
     815                      .dwcfi  undefined, 86
     816                      .dwcfi  undefined, 87
     817                      .dwcfi  undefined, 88
     818                      .dwcfi  undefined, 89
     819                      .dwcfi  undefined, 90
     820                      .dwcfi  undefined, 91
     821                      .dwendentry
     822              
     823              ;***************************************************************
     824              ;* DWARF REGISTER MAP                                          *
     825              ;***************************************************************
     826              
     827              $C$DW$51        .dwtag  DW_TAG_TI_assign_register, DW_AT_name("AC0")
     828                      .dwattr $C$DW$51, DW_AT_location[DW_OP_reg0]
     829              $C$DW$52        .dwtag  DW_TAG_TI_assign_register, DW_AT_name("AC0")
     830                      .dwattr $C$DW$52, DW_AT_location[DW_OP_reg1]
     831              $C$DW$53        .dwtag  DW_TAG_TI_assign_register, DW_AT_name("AC0_G")
     832                      .dwattr $C$DW$53, DW_AT_location[DW_OP_reg2]
     833              $C$DW$54        .dwtag  DW_TAG_TI_assign_register, DW_AT_name("AC1")
     834                      .dwattr $C$DW$54, DW_AT_location[DW_OP_reg3]
     835              $C$DW$55        .dwtag  DW_TAG_TI_assign_register, DW_AT_name("AC1")
     836                      .dwattr $C$DW$55, DW_AT_location[DW_OP_reg4]
     837              $C$DW$56        .dwtag  DW_TAG_TI_assign_register, DW_AT_name("AC1_G")
     838                      .dwattr $C$DW$56, DW_AT_location[DW_OP_reg5]
     839              $C$DW$57        .dwtag  DW_TAG_TI_assign_register, DW_AT_name("AC2")
     840                      .dwattr $C$DW$57, DW_AT_location[DW_OP_reg6]
     841              $C$DW$58        .dwtag  DW_TAG_TI_assign_register, DW_AT_name("AC2")
     842                      .dwattr $C$DW$58, DW_AT_location[DW_OP_reg7]
     843              $C$DW$59        .dwtag  DW_TAG_TI_assign_register, DW_AT_name("AC2_G")
     844                      .dwattr $C$DW$59, DW_AT_location[DW_OP_reg8]
     845              $C$DW$60        .dwtag  DW_TAG_TI_assign_register, DW_AT_name("AC3")
     846                      .dwattr $C$DW$60, DW_AT_location[DW_OP_reg9]
     847              $C$DW$61        .dwtag  DW_TAG_TI_assign_register, DW_AT_name("AC3")
     848                      .dwattr $C$DW$61, DW_AT_location[DW_OP_reg10]
     849              $C$DW$62        .dwtag  DW_TAG_TI_assign_register, DW_AT_name("AC3_G")
     850                      .dwattr $C$DW$62, DW_AT_location[DW_OP_reg11]
     851              $C$DW$63        .dwtag  DW_TAG_TI_assign_register, DW_AT_name("T0")
     852                      .dwattr $C$DW$63, DW_AT_location[DW_OP_reg12]
     853              $C$DW$64        .dwtag  DW_TAG_TI_assign_register, DW_AT_name("T1")
     854                      .dwattr $C$DW$64, DW_AT_location[DW_OP_reg13]
TMS320C55x Assembler PC v4.4.1 Wed Sep 13 16:33:43 2017

Tools Copyright (c) 1996-2012 Texas Instruments Incorporated
C:\Users\a0221074\AppData\Local\Temp\0486410                         PAGE   18

     855              $C$DW$65        .dwtag  DW_TAG_TI_assign_register, DW_AT_name("T2")
     856                      .dwattr $C$DW$65, DW_AT_location[DW_OP_reg14]
     857              $C$DW$66        .dwtag  DW_TAG_TI_assign_register, DW_AT_name("T3")
     858                      .dwattr $C$DW$66, DW_AT_location[DW_OP_reg15]
     859              $C$DW$67        .dwtag  DW_TAG_TI_assign_register, DW_AT_name("AR0")
     860                      .dwattr $C$DW$67, DW_AT_location[DW_OP_reg16]
     861              $C$DW$68        .dwtag  DW_TAG_TI_assign_register, DW_AT_name("XAR0")
     862                      .dwattr $C$DW$68, DW_AT_location[DW_OP_reg17]
     863              $C$DW$69        .dwtag  DW_TAG_TI_assign_register, DW_AT_name("AR1")
     864                      .dwattr $C$DW$69, DW_AT_location[DW_OP_reg18]
     865              $C$DW$70        .dwtag  DW_TAG_TI_assign_register, DW_AT_name("XAR1")
     866                      .dwattr $C$DW$70, DW_AT_location[DW_OP_reg19]
     867              $C$DW$71        .dwtag  DW_TAG_TI_assign_register, DW_AT_name("AR2")
     868                      .dwattr $C$DW$71, DW_AT_location[DW_OP_reg20]
     869              $C$DW$72        .dwtag  DW_TAG_TI_assign_register, DW_AT_name("XAR2")
     870                      .dwattr $C$DW$72, DW_AT_location[DW_OP_reg21]
     871              $C$DW$73        .dwtag  DW_TAG_TI_assign_register, DW_AT_name("AR3")
     872                      .dwattr $C$DW$73, DW_AT_location[DW_OP_reg22]
     873              $C$DW$74        .dwtag  DW_TAG_TI_assign_register, DW_AT_name("XAR3")
     874                      .dwattr $C$DW$74, DW_AT_location[DW_OP_reg23]
     875              $C$DW$75        .dwtag  DW_TAG_TI_assign_register, DW_AT_name("AR4")
     876                      .dwattr $C$DW$75, DW_AT_location[DW_OP_reg24]
     877              $C$DW$76        .dwtag  DW_TAG_TI_assign_register, DW_AT_name("XAR4")
     878                      .dwattr $C$DW$76, DW_AT_location[DW_OP_reg25]
     879              $C$DW$77        .dwtag  DW_TAG_TI_assign_register, DW_AT_name("AR5")
     880                      .dwattr $C$DW$77, DW_AT_location[DW_OP_reg26]
     881              $C$DW$78        .dwtag  DW_TAG_TI_assign_register, DW_AT_name("XAR5")
     882                      .dwattr $C$DW$78, DW_AT_location[DW_OP_reg27]
     883              $C$DW$79        .dwtag  DW_TAG_TI_assign_register, DW_AT_name("AR6")
     884                      .dwattr $C$DW$79, DW_AT_location[DW_OP_reg28]
     885              $C$DW$80        .dwtag  DW_TAG_TI_assign_register, DW_AT_name("XAR6")
     886                      .dwattr $C$DW$80, DW_AT_location[DW_OP_reg29]
     887              $C$DW$81        .dwtag  DW_TAG_TI_assign_register, DW_AT_name("AR7")
     888                      .dwattr $C$DW$81, DW_AT_location[DW_OP_reg30]
     889              $C$DW$82        .dwtag  DW_TAG_TI_assign_register, DW_AT_name("XAR7")
     890                      .dwattr $C$DW$82, DW_AT_location[DW_OP_reg31]
     891              $C$DW$83        .dwtag  DW_TAG_TI_assign_register, DW_AT_name("FP")
     892                      .dwattr $C$DW$83, DW_AT_location[DW_OP_regx 0x20]
     893              $C$DW$84        .dwtag  DW_TAG_TI_assign_register, DW_AT_name("XFP")
     894                      .dwattr $C$DW$84, DW_AT_location[DW_OP_regx 0x21]
     895              $C$DW$85        .dwtag  DW_TAG_TI_assign_register, DW_AT_name("PC")
     896                      .dwattr $C$DW$85, DW_AT_location[DW_OP_regx 0x22]
     897              $C$DW$86        .dwtag  DW_TAG_TI_assign_register, DW_AT_name("SP")
     898                      .dwattr $C$DW$86, DW_AT_location[DW_OP_regx 0x23]
     899              $C$DW$87        .dwtag  DW_TAG_TI_assign_register, DW_AT_name("XSP")
     900                      .dwattr $C$DW$87, DW_AT_location[DW_OP_regx 0x24]
     901              $C$DW$88        .dwtag  DW_TAG_TI_assign_register, DW_AT_name("BKC")
     902                      .dwattr $C$DW$88, DW_AT_location[DW_OP_regx 0x25]
     903              $C$DW$89        .dwtag  DW_TAG_TI_assign_register, DW_AT_name("BK03")
     904                      .dwattr $C$DW$89, DW_AT_location[DW_OP_regx 0x26]
     905              $C$DW$90        .dwtag  DW_TAG_TI_assign_register, DW_AT_name("BK47")
     906                      .dwattr $C$DW$90, DW_AT_location[DW_OP_regx 0x27]
     907              $C$DW$91        .dwtag  DW_TAG_TI_assign_register, DW_AT_name("ST0")
     908                      .dwattr $C$DW$91, DW_AT_location[DW_OP_regx 0x28]
     909              $C$DW$92        .dwtag  DW_TAG_TI_assign_register, DW_AT_name("ST1")
TMS320C55x Assembler PC v4.4.1 Wed Sep 13 16:33:43 2017

Tools Copyright (c) 1996-2012 Texas Instruments Incorporated
C:\Users\a0221074\AppData\Local\Temp\0486410                         PAGE   19

     910                      .dwattr $C$DW$92, DW_AT_location[DW_OP_regx 0x29]
     911              $C$DW$93        .dwtag  DW_TAG_TI_assign_register, DW_AT_name("ST2")
     912                      .dwattr $C$DW$93, DW_AT_location[DW_OP_regx 0x2a]
     913              $C$DW$94        .dwtag  DW_TAG_TI_assign_register, DW_AT_name("ST3")
     914                      .dwattr $C$DW$94, DW_AT_location[DW_OP_regx 0x2b]
     915              $C$DW$95        .dwtag  DW_TAG_TI_assign_register, DW_AT_name("MDP")
     916                      .dwattr $C$DW$95, DW_AT_location[DW_OP_regx 0x2c]
     917              $C$DW$96        .dwtag  DW_TAG_TI_assign_register, DW_AT_name("MDP05")
     918                      .dwattr $C$DW$96, DW_AT_location[DW_OP_regx 0x2d]
     919              $C$DW$97        .dwtag  DW_TAG_TI_assign_register, DW_AT_name("MDP67")
     920                      .dwattr $C$DW$97, DW_AT_location[DW_OP_regx 0x2e]
     921              $C$DW$98        .dwtag  DW_TAG_TI_assign_register, DW_AT_name("BRC0")
     922                      .dwattr $C$DW$98, DW_AT_location[DW_OP_regx 0x2f]
     923              $C$DW$99        .dwtag  DW_TAG_TI_assign_register, DW_AT_name("RSA0")
     924                      .dwattr $C$DW$99, DW_AT_location[DW_OP_regx 0x30]
     925              $C$DW$100       .dwtag  DW_TAG_TI_assign_register, DW_AT_name("RSA0_H")
     926                      .dwattr $C$DW$100, DW_AT_location[DW_OP_regx 0x31]
     927              $C$DW$101       .dwtag  DW_TAG_TI_assign_register, DW_AT_name("REA0")
     928                      .dwattr $C$DW$101, DW_AT_location[DW_OP_regx 0x32]
     929              $C$DW$102       .dwtag  DW_TAG_TI_assign_register, DW_AT_name("REA0_H")
     930                      .dwattr $C$DW$102, DW_AT_location[DW_OP_regx 0x33]
     931              $C$DW$103       .dwtag  DW_TAG_TI_assign_register, DW_AT_name("BRS1")
     932                      .dwattr $C$DW$103, DW_AT_location[DW_OP_regx 0x34]
     933              $C$DW$104       .dwtag  DW_TAG_TI_assign_register, DW_AT_name("BRC1")
     934                      .dwattr $C$DW$104, DW_AT_location[DW_OP_regx 0x35]
     935              $C$DW$105       .dwtag  DW_TAG_TI_assign_register, DW_AT_name("RSA1")
     936                      .dwattr $C$DW$105, DW_AT_location[DW_OP_regx 0x36]
     937              $C$DW$106       .dwtag  DW_TAG_TI_assign_register, DW_AT_name("RSA1_H")
     938                      .dwattr $C$DW$106, DW_AT_location[DW_OP_regx 0x37]
     939              $C$DW$107       .dwtag  DW_TAG_TI_assign_register, DW_AT_name("REA1")
     940                      .dwattr $C$DW$107, DW_AT_location[DW_OP_regx 0x38]
     941              $C$DW$108       .dwtag  DW_TAG_TI_assign_register, DW_AT_name("REA1_H")
     942                      .dwattr $C$DW$108, DW_AT_location[DW_OP_regx 0x39]
     943              $C$DW$109       .dwtag  DW_TAG_TI_assign_register, DW_AT_name("CSR")
     944                      .dwattr $C$DW$109, DW_AT_location[DW_OP_regx 0x3a]
     945              $C$DW$110       .dwtag  DW_TAG_TI_assign_register, DW_AT_name("RPTC")
     946                      .dwattr $C$DW$110, DW_AT_location[DW_OP_regx 0x3b]
     947              $C$DW$111       .dwtag  DW_TAG_TI_assign_register, DW_AT_name("CDP")
     948                      .dwattr $C$DW$111, DW_AT_location[DW_OP_regx 0x3c]
     949              $C$DW$112       .dwtag  DW_TAG_TI_assign_register, DW_AT_name("XCDP")
     950                      .dwattr $C$DW$112, DW_AT_location[DW_OP_regx 0x3d]
     951              $C$DW$113       .dwtag  DW_TAG_TI_assign_register, DW_AT_name("TRN0")
     952                      .dwattr $C$DW$113, DW_AT_location[DW_OP_regx 0x3e]
     953              $C$DW$114       .dwtag  DW_TAG_TI_assign_register, DW_AT_name("TRN1")
     954                      .dwattr $C$DW$114, DW_AT_location[DW_OP_regx 0x3f]
     955              $C$DW$115       .dwtag  DW_TAG_TI_assign_register, DW_AT_name("BSA01")
     956                      .dwattr $C$DW$115, DW_AT_location[DW_OP_regx 0x40]
     957              $C$DW$116       .dwtag  DW_TAG_TI_assign_register, DW_AT_name("BSA23")
     958                      .dwattr $C$DW$116, DW_AT_location[DW_OP_regx 0x41]
     959              $C$DW$117       .dwtag  DW_TAG_TI_assign_register, DW_AT_name("BSA45")
     960                      .dwattr $C$DW$117, DW_AT_location[DW_OP_regx 0x42]
     961              $C$DW$118       .dwtag  DW_TAG_TI_assign_register, DW_AT_name("BSA67")
     962                      .dwattr $C$DW$118, DW_AT_location[DW_OP_regx 0x43]
     963              $C$DW$119       .dwtag  DW_TAG_TI_assign_register, DW_AT_name("BSAC")
     964                      .dwattr $C$DW$119, DW_AT_location[DW_OP_regx 0x44]
TMS320C55x Assembler PC v4.4.1 Wed Sep 13 16:33:43 2017

Tools Copyright (c) 1996-2012 Texas Instruments Incorporated
C:\Users\a0221074\AppData\Local\Temp\0486410                         PAGE   20

     965              $C$DW$120       .dwtag  DW_TAG_TI_assign_register, DW_AT_name("CARRY")
     966                      .dwattr $C$DW$120, DW_AT_location[DW_OP_regx 0x45]
     967              $C$DW$121       .dwtag  DW_TAG_TI_assign_register, DW_AT_name("TC1")
     968                      .dwattr $C$DW$121, DW_AT_location[DW_OP_regx 0x46]
     969              $C$DW$122       .dwtag  DW_TAG_TI_assign_register, DW_AT_name("TC2")
     970                      .dwattr $C$DW$122, DW_AT_location[DW_OP_regx 0x47]
     971              $C$DW$123       .dwtag  DW_TAG_TI_assign_register, DW_AT_name("M40")
     972                      .dwattr $C$DW$123, DW_AT_location[DW_OP_regx 0x48]
     973              $C$DW$124       .dwtag  DW_TAG_TI_assign_register, DW_AT_name("SXMD")
     974                      .dwattr $C$DW$124, DW_AT_location[DW_OP_regx 0x49]
     975              $C$DW$125       .dwtag  DW_TAG_TI_assign_register, DW_AT_name("ARMS")
     976                      .dwattr $C$DW$125, DW_AT_location[DW_OP_regx 0x4a]
     977              $C$DW$126       .dwtag  DW_TAG_TI_assign_register, DW_AT_name("C54CM")
     978                      .dwattr $C$DW$126, DW_AT_location[DW_OP_regx 0x4b]
     979              $C$DW$127       .dwtag  DW_TAG_TI_assign_register, DW_AT_name("SATA")
     980                      .dwattr $C$DW$127, DW_AT_location[DW_OP_regx 0x4c]
     981              $C$DW$128       .dwtag  DW_TAG_TI_assign_register, DW_AT_name("SATD")
     982                      .dwattr $C$DW$128, DW_AT_location[DW_OP_regx 0x4d]
     983              $C$DW$129       .dwtag  DW_TAG_TI_assign_register, DW_AT_name("RDM")
     984                      .dwattr $C$DW$129, DW_AT_location[DW_OP_regx 0x4e]
     985              $C$DW$130       .dwtag  DW_TAG_TI_assign_register, DW_AT_name("FRCT")
     986                      .dwattr $C$DW$130, DW_AT_location[DW_OP_regx 0x4f]
     987              $C$DW$131       .dwtag  DW_TAG_TI_assign_register, DW_AT_name("SMUL")
     988                      .dwattr $C$DW$131, DW_AT_location[DW_OP_regx 0x50]
     989              $C$DW$132       .dwtag  DW_TAG_TI_assign_register, DW_AT_name("INTM")
     990                      .dwattr $C$DW$132, DW_AT_location[DW_OP_regx 0x51]
     991              $C$DW$133       .dwtag  DW_TAG_TI_assign_register, DW_AT_name("AR0LC")
     992                      .dwattr $C$DW$133, DW_AT_location[DW_OP_regx 0x52]
     993              $C$DW$134       .dwtag  DW_TAG_TI_assign_register, DW_AT_name("AR1LC")
     994                      .dwattr $C$DW$134, DW_AT_location[DW_OP_regx 0x53]
     995              $C$DW$135       .dwtag  DW_TAG_TI_assign_register, DW_AT_name("AR2LC")
     996                      .dwattr $C$DW$135, DW_AT_location[DW_OP_regx 0x54]
     997              $C$DW$136       .dwtag  DW_TAG_TI_assign_register, DW_AT_name("AR3LC")
     998                      .dwattr $C$DW$136, DW_AT_location[DW_OP_regx 0x55]
     999              $C$DW$137       .dwtag  DW_TAG_TI_assign_register, DW_AT_name("AR4LC")
    1000                      .dwattr $C$DW$137, DW_AT_location[DW_OP_regx 0x56]
    1001              $C$DW$138       .dwtag  DW_TAG_TI_assign_register, DW_AT_name("AR5LC")
    1002                      .dwattr $C$DW$138, DW_AT_location[DW_OP_regx 0x57]
    1003              $C$DW$139       .dwtag  DW_TAG_TI_assign_register, DW_AT_name("AR6LC")
    1004                      .dwattr $C$DW$139, DW_AT_location[DW_OP_regx 0x58]
    1005              $C$DW$140       .dwtag  DW_TAG_TI_assign_register, DW_AT_name("AR7LC")
    1006                      .dwattr $C$DW$140, DW_AT_location[DW_OP_regx 0x59]
    1007              $C$DW$141       .dwtag  DW_TAG_TI_assign_register, DW_AT_name("CDPLC")
    1008                      .dwattr $C$DW$141, DW_AT_location[DW_OP_regx 0x5a]
    1009              $C$DW$142       .dwtag  DW_TAG_TI_assign_register, DW_AT_name("CIE_RETA")
    1010                      .dwattr $C$DW$142, DW_AT_location[DW_OP_regx 0x5b]
    1011                      .dwendtag $C$DW$CU
    1012              
    1012              
    1012              

No Assembly Errors, No Assembly Warnings
